{"uuid": "973e2254-bae2-47ce-8a5e-35a866f010d9", "children": ["4196efa0-24f3-49fa-80b6-d0903568f547"], "befores": [{"name": "_xunit_setup_class_fixture_TestClearCart", "status": "failed", "statusDetails": {"message": "selene.core.exceptions.TimeoutException: Message: \n\nTimed out after 4s, while waiting for:\nbrowser.element(('xpath', '//a[@class=\"s-button s-button_theme-red\"]')).is visible\n\nReason: NoSuchElementException: Message: no such element: Unable to locate element: {\"method\":\"xpath\",\"selector\":\"//a[@class=\"s-button s-button_theme-red\"]\"}\n  (Session info: chrome=112.0.5615.139)\nStacktrace:\nBacktrace:\n\tGetHandleVerifier [0x00FCDCE3+50899]\n\t(No symbol) [0x00F5E111]\n\t(No symbol) [0x00E65588]\n\t(No symbol) [0x00E908F9]\n\t(No symbol) [0x00E90AFB]\n\t(No symbol) [0x00EBF902]\n\t(No symbol) [0x00EAB944]\n\t(No symbol) [0x00EBE01C]\n\t(No symbol) [0x00EAB6F6]\n\t(No symbol) [0x00E87708]\n\t(No symbol) [0x00E8886D]\n\tGetHandleVerifier [0x01233EAE+2566302]\n\tGetHandleVerifier [0x012692B1+2784417]\n\tGetHandleVerifier [0x0126327C+2759788]\n\tGetHandleVerifier [0x01065740+672048]\n\t(No symbol) [0x00F68872]\n\t(No symbol) [0x00F641C8]\n\t(No symbol) [0x00F642AB]\n\t(No symbol) [0x00F571B7]\n\tBaseThreadInitThunk [0x76137D49+25]\n\tRtlInitializeExceptionChain [0x7753B74B+107]\n\tRtlClearBits [0x7753B6CF+191]\n\nScreenshot: file://C:\\Users\\natal\\.selene\\screenshots\\1683526734015\\1683526734016.png\nPageSource: file://C:\\Users\\natal\\.selene\\screenshots\\1683526734015\\1683526734016.html\n\n", "trace": "  File \"C:\\Python310\\lib\\site-packages\\pluggy\\_callers.py\", line 39, in _multicall\n    res = hook_impl.function(*args)\n  File \"C:\\Python310\\lib\\site-packages\\_pytest\\fixtures.py\", line 1129, in pytest_fixture_setup\n    result = call_fixture_func(fixturefunc, request, kwargs)\n  File \"C:\\Python310\\lib\\site-packages\\_pytest\\fixtures.py\", line 901, in call_fixture_func\n    fixture_result = next(generator)\n  File \"C:\\Python310\\lib\\site-packages\\_pytest\\python.py\", line 864, in xunit_setup_class_fixture\n    _call_with_optional_argument(func, self.obj)\n  File \"C:\\Python310\\lib\\site-packages\\_pytest\\python.py\", line 786, in _call_with_optional_argument\n    func(arg)\n  File \"C:\\QA_GURU\\demo_ui_tests_allure\\tests\\test_cart.py\", line 51, in setup_class\n    app.rightside_cart.submit_checkout()\n  File \"C:\\QA_GURU\\demo_ui_tests_allure\\components\\staya_dog\\cart_rightside_menu.py\", line 10, in submit_checkout\n    browser.element(by.xpath(cart_rightside_locators.cart_checkout_button)).should(be.visible).click()\n  File \"C:\\Python310\\lib\\site-packages\\selene\\core\\entity.py\", line 136, in should\n    self.wait.for_(condition)\n  File \"C:\\Python310\\lib\\site-packages\\selene\\core\\wait.py\", line 143, in for_\n    return self._decorator(self)(logic)(fn)\n  File \"C:\\Python310\\lib\\site-packages\\selene\\core\\wait.py\", line 141, in logic\n    raise self._hook_failure(failure)\n"}, "steps": [{"name": "ADd item to card", "status": "failed", "statusDetails": {"message": "selene.core.exceptions.TimeoutException: Message: \n\nTimed out after 4s, while waiting for:\nbrowser.element(('xpath', '//a[@class=\"s-button s-button_theme-red\"]')).is visible\n\nReason: NoSuchElementException: Message: no such element: Unable to locate element: {\"method\":\"xpath\",\"selector\":\"//a[@class=\"s-button s-button_theme-red\"]\"}\n  (Session info: chrome=112.0.5615.139)\nStacktrace:\nBacktrace:\n\tGetHandleVerifier [0x00FCDCE3+50899]\n\t(No symbol) [0x00F5E111]\n\t(No symbol) [0x00E65588]\n\t(No symbol) [0x00E908F9]\n\t(No symbol) [0x00E90AFB]\n\t(No symbol) [0x00EBF902]\n\t(No symbol) [0x00EAB944]\n\t(No symbol) [0x00EBE01C]\n\t(No symbol) [0x00EAB6F6]\n\t(No symbol) [0x00E87708]\n\t(No symbol) [0x00E8886D]\n\tGetHandleVerifier [0x01233EAE+2566302]\n\tGetHandleVerifier [0x012692B1+2784417]\n\tGetHandleVerifier [0x0126327C+2759788]\n\tGetHandleVerifier [0x01065740+672048]\n\t(No symbol) [0x00F68872]\n\t(No symbol) [0x00F641C8]\n\t(No symbol) [0x00F642AB]\n\t(No symbol) [0x00F571B7]\n\tBaseThreadInitThunk [0x76137D49+25]\n\tRtlInitializeExceptionChain [0x7753B74B+107]\n\tRtlClearBits [0x7753B6CF+191]\n\nScreenshot: file://C:\\Users\\natal\\.selene\\screenshots\\1683526734015\\1683526734016.png\nPageSource: file://C:\\Users\\natal\\.selene\\screenshots\\1683526734015\\1683526734016.html\n\n", "trace": "  File \"C:\\QA_GURU\\demo_ui_tests_allure\\tests\\test_cart.py\", line 51, in setup_class\n    app.rightside_cart.submit_checkout()\n  File \"C:\\QA_GURU\\demo_ui_tests_allure\\components\\staya_dog\\cart_rightside_menu.py\", line 10, in submit_checkout\n    browser.element(by.xpath(cart_rightside_locators.cart_checkout_button)).should(be.visible).click()\n  File \"C:\\Python310\\lib\\site-packages\\selene\\core\\entity.py\", line 136, in should\n    self.wait.for_(condition)\n  File \"C:\\Python310\\lib\\site-packages\\selene\\core\\wait.py\", line 143, in for_\n    return self._decorator(self)(logic)(fn)\n  File \"C:\\Python310\\lib\\site-packages\\selene\\core\\wait.py\", line 141, in logic\n    raise self._hook_failure(failure)\n"}, "start": 1683526755096, "stop": 1683526762626}], "start": 1683526754612, "stop": 1683526762630}], "start": 1683526754612, "stop": 1683526762709}